This is pdfTeX, Version 3.141592653-2.6-1.40.24 (TeX Live 2022) (preloaded format=pdflatex 2022.5.12)  17 MAR 2023 11:47
entering extended mode
 restricted \write18 enabled.
 %&-line parsing enabled.
**_main.tex
(./_main.tex
LaTeX2e <2021-11-15> patch level 1
L3 programming layer <2022-05-04> (/Users/herbertmalek/Library/TinyTeX/texmf-dist/tex/latex/base/book.cls
Document Class: book 2022/07/02 v1.4n Standard LaTeX document class
(/Users/herbertmalek/Library/TinyTeX/texmf-dist/tex/latex/base/bk10.clo
File: bk10.clo 2022/07/02 v1.4n Standard LaTeX file (size option)
)
\c@part=\count185
\c@chapter=\count186
\c@section=\count187
\c@subsection=\count188
\c@subsubsection=\count189
\c@paragraph=\count190
\c@subparagraph=\count191
\c@figure=\count192
\c@table=\count193
\abovecaptionskip=\skip47
\belowcaptionskip=\skip48
\bibindent=\dimen138
) (/Users/herbertmalek/Library/TinyTeX/texmf-dist/tex/latex/amsmath/amsmath.sty
Package: amsmath 2022/04/08 v2.17n AMS math features
\@mathmargin=\skip49
For additional information on amsmath, use the `?' option.
(/Users/herbertmalek/Library/TinyTeX/texmf-dist/tex/latex/amsmath/amstext.sty
Package: amstext 2021/08/26 v2.01 AMS text
(/Users/herbertmalek/Library/TinyTeX/texmf-dist/tex/latex/amsmath/amsgen.sty
File: amsgen.sty 1999/11/30 v2.0 generic functions
\@emptytoks=\toks16
\ex@=\dimen139
)) (/Users/herbertmalek/Library/TinyTeX/texmf-dist/tex/latex/amsmath/amsbsy.sty
Package: amsbsy 1999/11/29 v1.2d Bold Symbols
\pmbraise@=\dimen140
) (/Users/herbertmalek/Library/TinyTeX/texmf-dist/tex/latex/amsmath/amsopn.sty
Package: amsopn 2022/04/08 v2.04 operator names
)
\inf@bad=\count194
LaTeX Info: Redefining \frac on input line 234.
\uproot@=\count195
\leftroot@=\count196
LaTeX Info: Redefining \overline on input line 399.
LaTeX Info: Redefining \colon on input line 410.
\classnum@=\count197
\DOTSCASE@=\count198
LaTeX Info: Redefining \ldots on input line 496.
LaTeX Info: Redefining \dots on input line 499.
LaTeX Info: Redefining \cdots on input line 620.
\Mathstrutbox@=\box50
\strutbox@=\box51
LaTeX Info: Redefining \big on input line 722.
LaTeX Info: Redefining \Big on input line 723.
LaTeX Info: Redefining \bigg on input line 724.
LaTeX Info: Redefining \Bigg on input line 725.
\big@size=\dimen141
LaTeX Font Info:    Redeclaring font encoding OML on input line 743.
LaTeX Font Info:    Redeclaring font encoding OMS on input line 744.
\macc@depth=\count199
LaTeX Info: Redefining \bmod on input line 905.
LaTeX Info: Redefining \pmod on input line 910.
LaTeX Info: Redefining \smash on input line 940.
LaTeX Info: Redefining \relbar on input line 970.
LaTeX Info: Redefining \Relbar on input line 971.
\c@MaxMatrixCols=\count266
\dotsspace@=\muskip16
\c@parentequation=\count267
\dspbrk@lvl=\count268
\tag@help=\toks17
\row@=\count269
\column@=\count270
\maxfields@=\count271
\andhelp@=\toks18
\eqnshift@=\dimen142
\alignsep@=\dimen143
\tagshift@=\dimen144
\tagwidth@=\dimen145
\totwidth@=\dimen146
\lineht@=\dimen147
\@envbody=\toks19
\multlinegap=\skip50
\multlinetaggap=\skip51
\mathdisplay@stack=\toks20
LaTeX Info: Redefining \[ on input line 2953.
LaTeX Info: Redefining \] on input line 2954.
) (/Users/herbertmalek/Library/TinyTeX/texmf-dist/tex/latex/amsfonts/amssymb.sty
Package: amssymb 2013/01/14 v3.01 AMS font symbols
(/Users/herbertmalek/Library/TinyTeX/texmf-dist/tex/latex/amsfonts/amsfonts.sty
Package: amsfonts 2013/01/14 v3.01 Basic AMSFonts support
\symAMSa=\mathgroup4
\symAMSb=\mathgroup5
LaTeX Font Info:    Redeclaring math symbol \hbar on input line 98.
LaTeX Font Info:    Overwriting math alphabet `\mathfrak' in version `bold'
(Font)                  U/euf/m/n --> U/euf/b/n on input line 106.
)) (/Users/herbertmalek/Library/TinyTeX/texmf-dist/tex/latex/lm/lmodern.sty
Package: lmodern 2015/05/01 v1.6.1 Latin Modern Fonts
LaTeX Font Info:    Overwriting symbol font `operators' in version `normal'
(Font)                  OT1/cmr/m/n --> OT1/lmr/m/n on input line 22.
LaTeX Font Info:    Overwriting symbol font `letters' in version `normal'
(Font)                  OML/cmm/m/it --> OML/lmm/m/it on input line 23.
LaTeX Font Info:    Overwriting symbol font `symbols' in version `normal'
(Font)                  OMS/cmsy/m/n --> OMS/lmsy/m/n on input line 24.
LaTeX Font Info:    Overwriting symbol font `largesymbols' in version `normal'
(Font)                  OMX/cmex/m/n --> OMX/lmex/m/n on input line 25.
LaTeX Font Info:    Overwriting symbol font `operators' in version `bold'
(Font)                  OT1/cmr/bx/n --> OT1/lmr/bx/n on input line 26.
LaTeX Font Info:    Overwriting symbol font `letters' in version `bold'
(Font)                  OML/cmm/b/it --> OML/lmm/b/it on input line 27.
LaTeX Font Info:    Overwriting symbol font `symbols' in version `bold'
(Font)                  OMS/cmsy/b/n --> OMS/lmsy/b/n on input line 28.
LaTeX Font Info:    Overwriting symbol font `largesymbols' in version `bold'
(Font)                  OMX/cmex/m/n --> OMX/lmex/m/n on input line 29.
LaTeX Font Info:    Overwriting math alphabet `\mathbf' in version `normal'
(Font)                  OT1/cmr/bx/n --> OT1/lmr/bx/n on input line 31.
LaTeX Font Info:    Overwriting math alphabet `\mathsf' in version `normal'
(Font)                  OT1/cmss/m/n --> OT1/lmss/m/n on input line 32.
LaTeX Font Info:    Overwriting math alphabet `\mathit' in version `normal'
(Font)                  OT1/cmr/m/it --> OT1/lmr/m/it on input line 33.
LaTeX Font Info:    Overwriting math alphabet `\mathtt' in version `normal'
(Font)                  OT1/cmtt/m/n --> OT1/lmtt/m/n on input line 34.
LaTeX Font Info:    Overwriting math alphabet `\mathbf' in version `bold'
(Font)                  OT1/cmr/bx/n --> OT1/lmr/bx/n on input line 35.
LaTeX Font Info:    Overwriting math alphabet `\mathsf' in version `bold'
(Font)                  OT1/cmss/bx/n --> OT1/lmss/bx/n on input line 36.
LaTeX Font Info:    Overwriting math alphabet `\mathit' in version `bold'
(Font)                  OT1/cmr/bx/it --> OT1/lmr/bx/it on input line 37.
LaTeX Font Info:    Overwriting math alphabet `\mathtt' in version `bold'
(Font)                  OT1/cmtt/m/n --> OT1/lmtt/m/n on input line 38.
) (/Users/herbertmalek/Library/TinyTeX/texmf-dist/tex/generic/iftex/iftex.sty
Package: iftex 2022/02/03 v1.0f TeX engine tests
) (/Users/herbertmalek/Library/TinyTeX/texmf-dist/tex/latex/base/fontenc.sty
Package: fontenc 2021/04/29 v2.0v Standard LaTeX package
LaTeX Font Info:    Trying to load font information for T1+lmr on input line 112.
(/Users/herbertmalek/Library/TinyTeX/texmf-dist/tex/latex/lm/t1lmr.fd
File: t1lmr.fd 2015/05/01 v1.6.1 Font defs for Latin Modern
)) (/Users/herbertmalek/Library/TinyTeX/texmf-dist/tex/latex/base/inputenc.sty
Package: inputenc 2021/02/14 v1.3d Input encoding file
\inpenc@prehook=\toks21
\inpenc@posthook=\toks22
) (/Users/herbertmalek/Library/TinyTeX/texmf-dist/tex/latex/base/textcomp.sty
Package: textcomp 2020/02/02 v2.0n Standard LaTeX package
) (/Users/herbertmalek/Library/TinyTeX/texmf-dist/tex/latex/xcolor/xcolor.sty
Package: xcolor 2022/06/12 v2.14 LaTeX color extensions (UK)
(/Users/herbertmalek/Library/TinyTeX/texmf-dist/tex/latex/graphics-cfg/color.cfg
File: color.cfg 2016/01/02 v1.6 sample color configuration
)
Package xcolor Info: Driver file: pdftex.def on input line 227.
(/Users/herbertmalek/Library/TinyTeX/texmf-dist/tex/latex/graphics-def/pdftex.def
File: pdftex.def 2022/09/22 v1.2b Graphics/color driver for pdftex
\stockwidth=\dimen148
\stockheight=\dimen149
) (/Users/herbertmalek/Library/TinyTeX/texmf-dist/tex/latex/graphics/mathcolor.ltx)
Package xcolor Info: Model `cmy' substituted by `cmy0' on input line 1353.
Package xcolor Info: Model `hsb' substituted by `rgb' on input line 1357.
Package xcolor Info: Model `RGB' extended on input line 1369.
Package xcolor Info: Model `HTML' substituted by `rgb' on input line 1371.
Package xcolor Info: Model `Hsb' substituted by `hsb' on input line 1372.
Package xcolor Info: Model `tHsb' substituted by `hsb' on input line 1373.
Package xcolor Info: Model `HSB' substituted by `hsb' on input line 1374.
Package xcolor Info: Model `Gray' substituted by `gray' on input line 1375.
Package xcolor Info: Model `wave' substituted by `hsb' on input line 1376.
) (/Users/herbertmalek/Library/TinyTeX/texmf-dist/tex/latex/fancyvrb/fancyvrb.sty
Package: fancyvrb 2023/01/19 4.5a verbatim text (tvz,hv)
(/Users/herbertmalek/Library/TinyTeX/texmf-dist/tex/latex/graphics/keyval.sty
Package: keyval 2022/05/29 v1.15 key=value parser (DPC)
\KV@toks@=\toks23
)
\FV@CodeLineNo=\count272
\FV@InFile=\read2
\FV@TabBox=\box52
\c@FancyVerbLine=\count273
\FV@StepNumber=\count274
\FV@OutFile=\write3
) (/Users/herbertmalek/Library/TinyTeX/texmf-dist/tex/latex/framed/framed.sty
Package: framed 2011/10/22 v 0.96: framed or shaded text with page breaks
\OuterFrameSep=\skip52
\fb@frw=\dimen150
\fb@frh=\dimen151
\FrameRule=\dimen152
\FrameSep=\dimen153
) (/Users/herbertmalek/Library/TinyTeX/texmf-dist/tex/latex/tools/longtable.sty
Package: longtable 2021-09-01 v4.17 Multi-page Table package (DPC)
\LTleft=\skip53
\LTright=\skip54
\LTpre=\skip55
\LTpost=\skip56
\LTchunksize=\count275
\LTcapwidth=\dimen154
\LT@head=\box53
\LT@firsthead=\box54
\LT@foot=\box55
\LT@lastfoot=\box56
\LT@gbox=\box57
\LT@cols=\count276
\LT@rows=\count277
\c@LT@tables=\count278
\c@LT@chunks=\count279
\LT@p@ftn=\toks24
) (/Users/herbertmalek/Library/TinyTeX/texmf-dist/tex/latex/booktabs/booktabs.sty
Package: booktabs 2020/01/12 v1.61803398 Publication quality tables
\heavyrulewidth=\dimen155
\lightrulewidth=\dimen156
\cmidrulewidth=\dimen157
\belowrulesep=\dimen158
\belowbottomsep=\dimen159
\aboverulesep=\dimen160
\abovetopsep=\dimen161
\cmidrulesep=\dimen162
\cmidrulekern=\dimen163
\defaultaddspace=\dimen164
\@cmidla=\count280
\@cmidlb=\count281
\@aboverulesep=\dimen165
\@belowrulesep=\dimen166
\@thisruleclass=\count282
\@lastruleclass=\count283
\@thisrulewidth=\dimen167
) (/Users/herbertmalek/Library/TinyTeX/texmf-dist/tex/latex/tools/array.sty
Package: array 2022/09/04 v2.5g Tabular extension package (FMi)
\col@sep=\dimen168
\ar@mcellbox=\box58
\extrarowheight=\dimen169
\NC@list=\toks25
\extratabsurround=\skip57
\backup@length=\skip58
\ar@cellbox=\box59
) (/Users/herbertmalek/Library/TinyTeX/texmf-dist/tex/latex/tools/calc.sty
Package: calc 2017/05/25 v4.3 Infix arithmetic (KKT,FJ)
\calc@Acount=\count284
\calc@Bcount=\count285
\calc@Adimen=\dimen170
\calc@Bdimen=\dimen171
\calc@Askip=\skip59
\calc@Bskip=\skip60
LaTeX Info: Redefining \setlength on input line 80.
LaTeX Info: Redefining \addtolength on input line 81.
\calc@Ccount=\count286
\calc@Cskip=\skip61
) (/Users/herbertmalek/Library/TinyTeX/texmf-dist/tex/latex/etoolbox/etoolbox.sty
Package: etoolbox 2020/10/05 v2.5k e-TeX tools for LaTeX (JAW)
\etb@tempcnta=\count287
) (/Users/herbertmalek/Library/TinyTeX/texmf-dist/tex/latex/mdwtools/footnote.sty
Package: footnote 1997/01/28 1.13 Save footnotes around boxes
\fn@notes=\box60
\fn@width=\dimen172
) (/Users/herbertmalek/Library/TinyTeX/texmf-dist/tex/latex/graphics/graphicx.sty
Package: graphicx 2021/09/16 v1.2d Enhanced LaTeX Graphics (DPC,SPQR)
(/Users/herbertmalek/Library/TinyTeX/texmf-dist/tex/latex/graphics/graphics.sty
Package: graphics 2022/03/10 v1.4e Standard LaTeX Graphics (DPC,SPQR)
(/Users/herbertmalek/Library/TinyTeX/texmf-dist/tex/latex/graphics/trig.sty
Package: trig 2021/08/11 v1.11 sin cos tan (DPC)
) (/Users/herbertmalek/Library/TinyTeX/texmf-dist/tex/latex/graphics-cfg/graphics.cfg
File: graphics.cfg 2016/06/04 v1.11 sample graphics configuration
)
Package graphics Info: Driver file: pdftex.def on input line 107.
)
\Gin@req@height=\dimen173
\Gin@req@width=\dimen174
)
\cslhangindent=\skip62
\csllabelwidth=\skip63
\cslentryspacingunit=\skip64
(/Users/herbertmalek/Library/TinyTeX/texmf-dist/tex/latex/hyperref/hyperref.sty
Package: hyperref 2023-02-07 v7.00v Hypertext links for LaTeX
(/Users/herbertmalek/Library/TinyTeX/texmf-dist/tex/generic/ltxcmds/ltxcmds.sty
Package: ltxcmds 2020-05-10 v1.25 LaTeX kernel commands for general use (HO)
) (/Users/herbertmalek/Library/TinyTeX/texmf-dist/tex/generic/pdftexcmds/pdftexcmds.sty
Package: pdftexcmds 2020-06-27 v0.33 Utility functions of pdfTeX for LuaTeX (HO)
(/Users/herbertmalek/Library/TinyTeX/texmf-dist/tex/generic/infwarerr/infwarerr.sty
Package: infwarerr 2019/12/03 v1.5 Providing info/warning/error messages (HO)
)
Package pdftexcmds Info: \pdf@primitive is available.
Package pdftexcmds Info: \pdf@ifprimitive is available.
Package pdftexcmds Info: \pdfdraftmode found.
) (/Users/herbertmalek/Library/TinyTeX/texmf-dist/tex/latex/kvsetkeys/kvsetkeys.sty
Package: kvsetkeys 2022-10-05 v1.19 Key value parser (HO)
) (/Users/herbertmalek/Library/TinyTeX/texmf-dist/tex/generic/kvdefinekeys/kvdefinekeys.sty
Package: kvdefinekeys 2019-12-19 v1.6 Define keys (HO)
) (/Users/herbertmalek/Library/TinyTeX/texmf-dist/tex/generic/pdfescape/pdfescape.sty
Package: pdfescape 2019/12/09 v1.15 Implements pdfTeX's escape features (HO)
) (/Users/herbertmalek/Library/TinyTeX/texmf-dist/tex/latex/hycolor/hycolor.sty
Package: hycolor 2020-01-27 v1.10 Color options for hyperref/bookmark (HO)
) (/Users/herbertmalek/Library/TinyTeX/texmf-dist/tex/latex/letltxmacro/letltxmacro.sty
Package: letltxmacro 2019/12/03 v1.6 Let assignment for LaTeX macros (HO)
) (/Users/herbertmalek/Library/TinyTeX/texmf-dist/tex/latex/auxhook/auxhook.sty
Package: auxhook 2019-12-17 v1.6 Hooks for auxiliary files (HO)
) (/Users/herbertmalek/Library/TinyTeX/texmf-dist/tex/latex/hyperref/nameref.sty
Package: nameref 2022-05-17 v2.50 Cross-referencing by name of section
(/Users/herbertmalek/Library/TinyTeX/texmf-dist/tex/latex/refcount/refcount.sty
Package: refcount 2019/12/15 v3.6 Data extraction from label references (HO)
) (/Users/herbertmalek/Library/TinyTeX/texmf-dist/tex/generic/gettitlestring/gettitlestring.sty
Package: gettitlestring 2019/12/15 v1.6 Cleanup title references (HO)
(/Users/herbertmalek/Library/TinyTeX/texmf-dist/tex/latex/kvoptions/kvoptions.sty
Package: kvoptions 2022-06-15 v3.15 Key value format for package options (HO)
))
\c@section@level=\count288
)
\@linkdim=\dimen175
\Hy@linkcounter=\count289
\Hy@pagecounter=\count290
(/Users/herbertmalek/Library/TinyTeX/texmf-dist/tex/latex/hyperref/pd1enc.def
File: pd1enc.def 2023-02-07 v7.00v Hyperref: PDFDocEncoding definition (HO)
Now handling font encoding PD1 ...
... no UTF-8 mapping file for font encoding PD1
) (/Users/herbertmalek/Library/TinyTeX/texmf-dist/tex/generic/intcalc/intcalc.sty
Package: intcalc 2019/12/15 v1.3 Expandable calculations with integers (HO)
) (/Users/herbertmalek/Library/TinyTeX/texmf-dist/tex/generic/etexcmds/etexcmds.sty
Package: etexcmds 2019/12/15 v1.7 Avoid name clashes with e-TeX commands (HO)
)
\Hy@SavedSpaceFactor=\count291
(/Users/herbertmalek/Library/TinyTeX/texmf-dist/tex/latex/hyperref/puenc.def
File: puenc.def 2023-02-07 v7.00v Hyperref: PDF Unicode definition (HO)
Now handling font encoding PU ...
... no UTF-8 mapping file for font encoding PU
)
Package hyperref Info: Option `unicode' set `true' on input line 4060.
Package hyperref Info: Hyper figures OFF on input line 4177.
Package hyperref Info: Link nesting OFF on input line 4182.
Package hyperref Info: Hyper index ON on input line 4185.
Package hyperref Info: Plain pages OFF on input line 4192.
Package hyperref Info: Backreferencing OFF on input line 4197.
Package hyperref Info: Implicit mode ON; LaTeX internals redefined.
Package hyperref Info: Bookmarks ON on input line 4425.
\c@Hy@tempcnt=\count292
(/Users/herbertmalek/Library/TinyTeX/texmf-dist/tex/latex/url/url.sty
\Urlmuskip=\muskip17
Package: url 2013/09/16  ver 3.4  Verb mode for urls, etc.
)
LaTeX Info: Redefining \url on input line 4763.
\XeTeXLinkMargin=\dimen176
(/Users/herbertmalek/Library/TinyTeX/texmf-dist/tex/generic/bitset/bitset.sty
Package: bitset 2019/12/09 v1.3 Handle bit-vector datatype (HO)
(/Users/herbertmalek/Library/TinyTeX/texmf-dist/tex/generic/bigintcalc/bigintcalc.sty
Package: bigintcalc 2019/12/15 v1.5 Expandable calculations on big integers (HO)
))
\Fld@menulength=\count293
\Field@Width=\dimen177
\Fld@charsize=\dimen178
Package hyperref Info: Hyper figures OFF on input line 6042.
Package hyperref Info: Link nesting OFF on input line 6047.
Package hyperref Info: Hyper index ON on input line 6050.
Package hyperref Info: backreferencing OFF on input line 6057.
Package hyperref Info: Link coloring OFF on input line 6062.
Package hyperref Info: Link coloring with OCG OFF on input line 6067.
Package hyperref Info: PDF/A mode OFF on input line 6072.
LaTeX Info: Redefining \ref on input line 6119.
LaTeX Info: Redefining \pageref on input line 6119.
(/Users/herbertmalek/Library/TinyTeX/texmf-dist/tex/latex/base/atbegshi-ltx.sty
Package: atbegshi-ltx 2021/01/10 v1.0c Emulation of the original atbegshi
package with kernel methods
)
\Hy@abspage=\count294
\c@Item=\count295
\c@Hfootnote=\count296
)
Package hyperref Info: Driver (autodetected): hpdftex.
(/Users/herbertmalek/Library/TinyTeX/texmf-dist/tex/latex/hyperref/hpdftex.def
File: hpdftex.def 2023-02-07 v7.00v Hyperref driver for pdfTeX
(/Users/herbertmalek/Library/TinyTeX/texmf-dist/tex/latex/base/atveryend-ltx.sty
Package: atveryend-ltx 2020/08/19 v1.0a Emulation of the original atveryend package
with kernel methods
)
\Fld@listcount=\count297
\c@bookmark@seq@number=\count298
(/Users/herbertmalek/Library/TinyTeX/texmf-dist/tex/latex/rerunfilecheck/rerunfilecheck.sty
Package: rerunfilecheck 2022-07-10 v1.10 Rerun checks for auxiliary files (HO)
(/Users/herbertmalek/Library/TinyTeX/texmf-dist/tex/generic/uniquecounter/uniquecounter.sty
Package: uniquecounter 2019/12/15 v1.4 Provide unlimited unique counter (HO)
)
Package uniquecounter Info: New unique counter `rerunfilecheck' on input line 285.
)
\Hy@SectionHShift=\skip65
) (/Users/herbertmalek/Library/TinyTeX/texmf-dist/tex/latex/l3backend/l3backend-pdftex.def
File: l3backend-pdftex.def 2023-01-16 L3 backend support: PDF output (pdfTeX)
\l__color_backend_stack_int=\count299
\l__pdf_internal_box=\box61
)
No file _main.aux.
\openout1 = `_main.aux'.

LaTeX Font Info:    Checking defaults for OML/cmm/m/it on input line 143.
LaTeX Font Info:    ... okay on input line 143.
LaTeX Font Info:    Checking defaults for OMS/cmsy/m/n on input line 143.
LaTeX Font Info:    ... okay on input line 143.
LaTeX Font Info:    Checking defaults for OT1/cmr/m/n on input line 143.
LaTeX Font Info:    ... okay on input line 143.
LaTeX Font Info:    Checking defaults for T1/cmr/m/n on input line 143.
LaTeX Font Info:    ... okay on input line 143.
LaTeX Font Info:    Checking defaults for TS1/cmr/m/n on input line 143.
LaTeX Font Info:    ... okay on input line 143.
LaTeX Font Info:    Checking defaults for OMX/cmex/m/n on input line 143.
LaTeX Font Info:    ... okay on input line 143.
LaTeX Font Info:    Checking defaults for U/cmr/m/n on input line 143.
LaTeX Font Info:    ... okay on input line 143.
LaTeX Font Info:    Checking defaults for PD1/pdf/m/n on input line 143.
LaTeX Font Info:    ... okay on input line 143.
LaTeX Font Info:    Checking defaults for PU/pdf/m/n on input line 143.
LaTeX Font Info:    ... okay on input line 143.
(/Users/herbertmalek/Library/TinyTeX/texmf-dist/tex/latex/epstopdf-pkg/epstopdf-base.sty
Package: epstopdf-base 2020-01-24 v2.11 Base part for package epstopdf
Package epstopdf-base Info: Redefining graphics rule for `.eps' on input line 485.
(/Users/herbertmalek/Library/TinyTeX/texmf-dist/tex/latex/latexconfig/epstopdf-sys.cfg
File: epstopdf-sys.cfg 2010/07/13 v1.3 Configuration of (r)epstopdf for TeX Live
))
Package hyperref Info: Link coloring OFF on input line 143.
\@outlinefile=\write4
\openout4 = `_main.out'.

<diagramas/FQ.jpg, id=4, 614.295pt x 794.97pt>
File: diagramas/FQ.jpg Graphic file (type jpg)
<use diagramas/FQ.jpg>
Package pdftex.def Info: diagramas/FQ.jpg  used on input line 145.
(pdftex.def)             Requested size: 144.53743pt x 187.04845pt.
<diagramas/UNAM.jpg, id=5, 614.295pt x 794.97pt>
File: diagramas/UNAM.jpg Graphic file (type jpg)
<use diagramas/UNAM.jpg>
Package pdftex.def Info: diagramas/UNAM.jpg  used on input line 145.
(pdftex.def)             Requested size: 144.53743pt x 187.04845pt.
LaTeX Font Info:    Trying to load font information for OT1+lmr on input line 145.
(/Users/herbertmalek/Library/TinyTeX/texmf-dist/tex/latex/lm/ot1lmr.fd
File: ot1lmr.fd 2015/05/01 v1.6.1 Font defs for Latin Modern
)
LaTeX Font Info:    Trying to load font information for OML+lmm on input line 145.
(/Users/herbertmalek/Library/TinyTeX/texmf-dist/tex/latex/lm/omllmm.fd
File: omllmm.fd 2015/05/01 v1.6.1 Font defs for Latin Modern
)
LaTeX Font Info:    Trying to load font information for OMS+lmsy on input line 145.
(/Users/herbertmalek/Library/TinyTeX/texmf-dist/tex/latex/lm/omslmsy.fd
File: omslmsy.fd 2015/05/01 v1.6.1 Font defs for Latin Modern
)
LaTeX Font Info:    Trying to load font information for OMX+lmex on input line 145.
(/Users/herbertmalek/Library/TinyTeX/texmf-dist/tex/latex/lm/omxlmex.fd
File: omxlmex.fd 2015/05/01 v1.6.1 Font defs for Latin Modern
)
LaTeX Font Info:    External font `lmex10' loaded for size
(Font)              <12> on input line 145.
LaTeX Font Info:    External font `lmex10' loaded for size
(Font)              <8> on input line 145.
LaTeX Font Info:    External font `lmex10' loaded for size
(Font)              <6> on input line 145.
LaTeX Font Info:    Trying to load font information for U+msa on input line 145.
(/Users/herbertmalek/Library/TinyTeX/texmf-dist/tex/latex/amsfonts/umsa.fd
File: umsa.fd 2013/01/14 v3.01 AMS symbols A
)
LaTeX Font Info:    Trying to load font information for U+msb on input line 145.
(/Users/herbertmalek/Library/TinyTeX/texmf-dist/tex/latex/amsfonts/umsb.fd
File: umsb.fd 2013/01/14 v3.01 AMS symbols B
) [1


{/Users/herbertmalek/Library/TinyTeX/texmf-var/fonts/map/pdftex/updmap/pdftex.map} <./diagramas/FQ.jpg> <./diagramas/UNAM.jpg>] [2

]
No file _main.toc.
\tf@toc=\write5
\openout5 = `_main.toc'.

[3] [4

]
No file _main.lof.
\tf@lof=\write6
\openout6 = `_main.lof'.

[5] [6

]
No file _main.lot.
\tf@lot=\write7
\openout7 = `_main.lot'.

[7] [8

]
Chapter 1.
[9] [10] [11]
<Diagramas/TP_Business_Model_1.png, id=100, 963.6pt x 542.025pt>
File: Diagramas/TP_Business_Model_1.png Graphic file (type png)
<use Diagramas/TP_Business_Model_1.png>
Package pdftex.def Info: Diagramas/TP_Business_Model_1.png  used on input line 320.
(pdftex.def)             Requested size: 310.49028pt x 174.65077pt.
<Diagramas/TP_Business_Model_2.png, id=101, 963.6pt x 542.025pt>
File: Diagramas/TP_Business_Model_2.png Graphic file (type png)
<use Diagramas/TP_Business_Model_2.png>
Package pdftex.def Info: Diagramas/TP_Business_Model_2.png  used on input line 327.
(pdftex.def)             Requested size: 310.49028pt x 174.65077pt.
[12 <./Diagramas/TP_Business_Model_1.png>] [13 <./Diagramas/TP_Business_Model_2.png>] [14

]
Chapter 2.
LaTeX Font Info:    Trying to load font information for T1+lmtt on input line 339.
(/Users/herbertmalek/Library/TinyTeX/texmf-dist/tex/latex/lm/t1lmtt.fd
File: t1lmtt.fd 2015/05/01 v1.6.1 Font defs for Latin Modern
)
Overfull \hbox (106.49869pt too wide) in paragraph at lines 378--378
[]\T1/lmtt/m/n/10 ## LAPACK: /Library/Frameworks/R.framework/Versions/4.2/Resources/lib/libRlapack.dylib[] 
 []


Overfull \hbox (11.99896pt too wide) in paragraph at lines 378--378
[]\T1/lmtt/m/n/10 ## [1] en_US.UTF-8/en_US.UTF-8/en_US.UTF-8/C/en_US.UTF-8/en_US.UTF-8[] 
 []


Overfull \hbox (27.74892pt too wide) in paragraph at lines 378--378
[]\T1/lmtt/m/n/10 ## [1] stats     graphics  grDevices utils     datasets  methods   base[] 
 []


Overfull \hbox (137.9986pt too wide) in paragraph at lines 378--378
[]\T1/lmtt/m/n/10 ##  [1] webshot_0.5.4     DiagrammeR_1.0.9  data.tree_1.0.0   formattable_0.2.1 scales_1.2.1[] 
 []


Overfull \hbox (137.9986pt too wide) in paragraph at lines 378--378
[]\T1/lmtt/m/n/10 ##  [6] knitr_1.41        EnvStats_2.7.0    forcats_0.5.2     stringr_1.5.0     dplyr_1.0.10[] 
 []


Overfull \hbox (143.24858pt too wide) in paragraph at lines 378--378
[]\T1/lmtt/m/n/10 ## [11] purrr_0.3.5       readr_2.1.3       tidyr_1.2.1       tibble_3.1.8      ggplot2_3.4.0[] 
 []


Overfull \hbox (69.7488pt too wide) in paragraph at lines 378--378
[]\T1/lmtt/m/n/10 ##  [1] httr_1.4.4          sass_0.4.4          bit64_4.0.5         vroom_1.6.0[] 
 []


Overfull \hbox (95.99872pt too wide) in paragraph at lines 378--378
[]\T1/lmtt/m/n/10 ##  [5] jsonlite_1.8.4      modelr_0.1.10       bslib_0.4.1         assertthat_0.2.1[] 
 []


Overfull \hbox (64.49881pt too wide) in paragraph at lines 378--378
[]\T1/lmtt/m/n/10 ##  [9] highr_0.9           googlesheets4_1.0.1 cellranger_1.1.0    yaml_2.3.6[] 
 []


Overfull \hbox (80.24876pt too wide) in paragraph at lines 378--378
[]\T1/lmtt/m/n/10 ## [13] pillar_1.8.1        backports_1.4.1     glue_1.6.2          digest_0.6.30[] 
 []


Overfull \hbox (90.74873pt too wide) in paragraph at lines 378--378
[]\T1/lmtt/m/n/10 ## [17] RColorBrewer_1.1-3  rvest_1.0.3         colorspace_2.0-3    htmltools_0.5.3[] 
 []


Overfull \hbox (85.49875pt too wide) in paragraph at lines 378--378
[]\T1/lmtt/m/n/10 ## [21] pkgconfig_2.0.3     broom_1.0.1         haven_2.5.1         processx_3.8.0[] 
 []

[15]
Overfull \hbox (85.49875pt too wide) in paragraph at lines 378--378
[]\T1/lmtt/m/n/10 ## [25] tzdb_0.3.0          timechange_0.1.1    googledrive_2.0.0   generics_0.1.3[] 
 []


Overfull \hbox (69.7488pt too wide) in paragraph at lines 378--378
[]\T1/lmtt/m/n/10 ## [29] farver_2.1.1        ellipsis_0.3.2      cachem_1.0.6        withr_2.5.0[] 
 []


Overfull \hbox (74.99878pt too wide) in paragraph at lines 378--378
[]\T1/lmtt/m/n/10 ## [33] cli_3.4.1           magrittr_2.0.3      crayon_1.5.2        readxl_1.4.1[] 
 []


Overfull \hbox (69.7488pt too wide) in paragraph at lines 378--378
[]\T1/lmtt/m/n/10 ## [37] ps_1.7.2            evaluate_0.18       fs_1.5.2            fansi_1.0.3[] 
 []


Overfull \hbox (74.99878pt too wide) in paragraph at lines 378--378
[]\T1/lmtt/m/n/10 ## [41] xml2_1.3.3          tools_4.2.2         hms_1.1.2           gargle_1.2.1[] 
 []


Overfull \hbox (69.7488pt too wide) in paragraph at lines 378--378
[]\T1/lmtt/m/n/10 ## [45] lifecycle_1.0.3     munsell_0.5.0       reprex_2.0.2        callr_3.7.3[] 
 []


Overfull \hbox (69.7488pt too wide) in paragraph at lines 378--378
[]\T1/lmtt/m/n/10 ## [49] compiler_4.2.2      jquerylib_0.1.4     tinytex_0.42        rlang_1.0.6[] 
 []


Overfull \hbox (95.99872pt too wide) in paragraph at lines 378--378
[]\T1/lmtt/m/n/10 ## [53] grid_4.2.2          rstudioapi_0.14     htmlwidgets_1.5.4   visNetwork_2.1.2[] 
 []


Overfull \hbox (59.24883pt too wide) in paragraph at lines 378--378
[]\T1/lmtt/m/n/10 ## [57] labeling_0.4.2      rmarkdown_2.18      gtable_0.3.1        DBI_1.1.3[] 
 []


Overfull \hbox (80.24876pt too wide) in paragraph at lines 378--378
[]\T1/lmtt/m/n/10 ## [61] R6_2.5.1            lubridate_1.9.0     bit_4.0.5           fastmap_1.1.0[] 
 []


Overfull \hbox (69.7488pt too wide) in paragraph at lines 378--378
[]\T1/lmtt/m/n/10 ## [65] utf8_1.2.2          stringi_1.7.8       parallel_4.2.2      vctrs_0.5.1[] 
 []

<Diagramas/OrdenMetodos.jpg, id=128, 590.95781pt x 106.14656pt>
File: Diagramas/OrdenMetodos.jpg Graphic file (type jpg)
<use Diagramas/OrdenMetodos.jpg>
Package pdftex.def Info: Diagramas/OrdenMetodos.jpg  used on input line 398.
(pdftex.def)             Requested size: 310.50096pt x 55.7715pt.
[16 <./Diagramas/OrdenMetodos.jpg>]

LaTeX Warning: Reference `eq:fcfeq' on page 17 undefined on input line 421.

LaTeX Font Info:    External font `lmex10' loaded for size
(Font)              <10> on input line 423.
LaTeX Font Info:    External font `lmex10' loaded for size
(Font)              <7> on input line 423.
LaTeX Font Info:    External font `lmex10' loaded for size
(Font)              <5> on input line 423.
LaTeX Font Info:    Trying to load font information for TS1+lmr on input line 433.
(/Users/herbertmalek/Library/TinyTeX/texmf-dist/tex/latex/lm/ts1lmr.fd
File: ts1lmr.fd 2015/05/01 v1.6.1 Font defs for Latin Modern
)

LaTeX Warning: Reference `eq:npveq' on page 17 undefined on input line 449.

[17]

LaTeX Warning: Reference `eq:emveq' on page 18 undefined on input line 474.

<Diagramas/DecisionTree.jpg, id=170, 762.59906pt x 538.26094pt>
File: Diagramas/DecisionTree.jpg Graphic file (type jpg)
<use Diagramas/DecisionTree.jpg>
Package pdftex.def Info: Diagramas/DecisionTree.jpg  used on input line 503.
(pdftex.def)             Requested size: 310.49165pt x 219.15254pt.
[18] [19 <./Diagramas/DecisionTree.jpg>] [20]
<Diagramas/AnalisisSensibilidad.jpg, id=203, 691.83469pt x 331.99031pt>
File: Diagramas/AnalisisSensibilidad.jpg Graphic file (type jpg)
<use Diagramas/AnalisisSensibilidad.jpg>
Package pdftex.def Info: Diagramas/AnalisisSensibilidad.jpg  used on input line 558.
(pdftex.def)             Requested size: 310.49931pt x 148.99911pt.
<_main_files/figure-latex/tornadotest-1.pdf, id=204, 453.695pt x 302.12875pt>
File: _main_files/figure-latex/tornadotest-1.pdf Graphic file (type pdf)
<use _main_files/figure-latex/tornadotest-1.pdf>
Package pdftex.def Info: _main_files/figure-latex/tornadotest-1.pdf  used on input line 564.
(pdftex.def)             Requested size: 224.25089pt x 149.3352pt.
[21 <./Diagramas/AnalisisSensibilidad.jpg> <./_main_files/figure-latex/tornadotest-1.pdf>] [22]
<Diagramas/DiagramaMonteCarlo.jpg, id=238, 790.45313pt x 449.42906pt>
File: Diagramas/DiagramaMonteCarlo.jpg Graphic file (type jpg)
<use Diagramas/DiagramaMonteCarlo.jpg>
Package pdftex.def Info: Diagramas/DiagramaMonteCarlo.jpg  used on input line 604.
(pdftex.def)             Requested size: 310.49475pt x 176.53844pt.
[23 <./Diagramas/DiagramaMonteCarlo.jpg>] [24]

LaTeX Warning: Reference `tab:critcomparison' on page 25 undefined on input line 688.


LaTeX Warning: Reference `tab:critcomparison' on page 25 undefined on input line 707.

[25]

LaTeX Warning: Reference `tab:testcashflow1' on page 26 undefined on input line 724.

[26]

LaTeX Warning: Reference `tab:testemv1' on page 27 undefined on input line 793.


LaTeX Warning: Reference `fig:testemv2' on page 27 undefined on input line 816.

<_main_files/figure-latex/testemv2-1.pdf, id=287, 957.5775pt x 260.975pt>
File: _main_files/figure-latex/testemv2-1.pdf Graphic file (type pdf)
<use _main_files/figure-latex/testemv2-1.pdf>
Package pdftex.def Info: _main_files/figure-latex/testemv2-1.pdf  used on input line 820.
(pdftex.def)             Requested size: 310.49304pt x 84.62074pt.

LaTeX Warning: Reference `tab:testemv3' on page 27 undefined on input line 830.


Overfull \hbox (31.84456pt too wide) has occurred while \output is active
\T1/lmr/m/sl/10 2.2.  PRUEBA DEL FUNCIONAMIENTO DE LOS MÉTODOS CUANTITATIVOS \T1/lmr/m/n/10 27
 []

[27 <./_main_files/figure-latex/testemv2-1.pdf>]

LaTeX Warning: Reference `fig:testemv4' on page 28 undefined on input line 866.

<_main_files/figure-latex/testemv4-1.pdf, id=308, 949.5475pt x 397.485pt>
File: _main_files/figure-latex/testemv4-1.pdf Graphic file (type pdf)
<use _main_files/figure-latex/testemv4-1.pdf>
Package pdftex.def Info: _main_files/figure-latex/testemv4-1.pdf  used on input line 870.
(pdftex.def)             Requested size: 310.49733pt x 129.97562pt.
[28 <./_main_files/figure-latex/testemv4-1.pdf>]

LaTeX Warning: Reference `tab:testsens1' on page 29 undefined on input line 918.


LaTeX Warning: Reference `tab:testsens2' on page 29 undefined on input line 943.


LaTeX Warning: Reference `tab:testsens2' on page 29 undefined on input line 966.


Overfull \hbox (31.84456pt too wide) has occurred while \output is active
\T1/lmr/m/sl/10 2.2.  PRUEBA DEL FUNCIONAMIENTO DE LOS MÉTODOS CUANTITATIVOS \T1/lmr/m/n/10 29
 []

[29]

LaTeX Warning: Reference `tab:testsens4' on page 30 undefined on input line 1000.


LaTeX Warning: Reference `fig:testsens5' on page 30 undefined on input line 1030.

<_main_files/figure-latex/testsens5-1.pdf, id=336, 453.695pt x 302.12875pt>
File: _main_files/figure-latex/testsens5-1.pdf Graphic file (type pdf)
<use _main_files/figure-latex/testsens5-1.pdf>
Package pdftex.def Info: _main_files/figure-latex/testsens5-1.pdf  used on input line 1034.
(pdftex.def)             Requested size: 224.25089pt x 149.3352pt.

LaTeX Warning: Reference `fig:testsens5' on page 30 undefined on input line 1042.

[30]
Overfull \hbox (17.93913pt too wide) in paragraph at lines 1112--1145
 [][] 
 []


LaTeX Warning: Reference `tab:montetest2' on page 31 undefined on input line 1148.


Overfull \hbox (31.84456pt too wide) has occurred while \output is active
\T1/lmr/m/sl/10 2.2.  PRUEBA DEL FUNCIONAMIENTO DE LOS MÉTODOS CUANTITATIVOS \T1/lmr/m/n/10 31
 []

[31 <./_main_files/figure-latex/testsens5-1.pdf>]
Overfull \hbox (136.71121pt too wide) in paragraph at lines 1158--1191
 [][] 
 []


LaTeX Warning: Reference `tab:montetest3' on page 32 undefined on input line 1193.

<_main_files/figure-latex/montetest5-1.pdf, id=359, 459.7175pt x 316.18124pt>
File: _main_files/figure-latex/montetest5-1.pdf Graphic file (type pdf)
<use _main_files/figure-latex/montetest5-1.pdf>
Package pdftex.def Info: _main_files/figure-latex/montetest5-1.pdf  used on input line 1233.
(pdftex.def)             Requested size: 224.25342pt x 154.23543pt.

LaTeX Warning: Reference `fig:montetest5' on page 32 undefined on input line 1242.

[32 <./_main_files/figure-latex/montetest5-1.pdf>]
Overfull \hbox (31.84456pt too wide) has occurred while \output is active
\T1/lmr/m/sl/10 2.2.  PRUEBA DEL FUNCIONAMIENTO DE LOS MÉTODOS CUANTITATIVOS \T1/lmr/m/n/10 33
 []

[33] [34]
<Diagramas/ProcesoProduccion.jpg, id=385, 722.7pt x 406.51875pt>
File: Diagramas/ProcesoProduccion.jpg Graphic file (type jpg)
<use Diagramas/ProcesoProduccion.jpg>
Package pdftex.def Info: Diagramas/ProcesoProduccion.jpg  used on input line 1261.
(pdftex.def)             Requested size: 310.5013pt x 174.65698pt.

LaTeX Warning: Reference `eq:fcfeq' on page 35 undefined on input line 1266.

[35 <./Diagramas/ProcesoProduccion.jpg>]

LaTeX Warning: Reference `eq:fcfeq' on page 36 undefined on input line 1336.


LaTeX Warning: Reference `eq:fcfeq' on page 36 undefined on input line 1347.


Overfull \hbox (128.84564pt too wide) detected at line 1360
[]
 []

[36]
Overfull \hbox (211.49838pt too wide) in paragraph at lines 1379--1379
[]\T1/lmtt/m/n/10 ## -- Column specification -------------------------------------------------------------------------------[] 
 []


Overfull \hbox (43.49887pt too wide) in paragraph at lines 1379--1379
[]\T1/lmtt/m/n/10 ## i Use `spec()` to retrieve the full column specification for this data.[] 
 []


Overfull \hbox (95.99872pt too wide) in paragraph at lines 1379--1379
[]\T1/lmtt/m/n/10 ## i Specify the column types or set `show_col_types = FALSE` to quiet this message.[] 
 []

<Diagramas/geometria_tabletas.jpg, id=405, 722.7pt x 406.51875pt>
File: Diagramas/geometria_tabletas.jpg Graphic file (type jpg)
<use Diagramas/geometria_tabletas.jpg>
Package pdftex.def Info: Diagramas/geometria_tabletas.jpg  used on input line 1409.
(pdftex.def)             Requested size: 310.5013pt x 174.65698pt.
[37] [38 <./Diagramas/geometria_tabletas.jpg>]

LaTeX Warning: Reference `eq:gamma' on page 39 undefined on input line 1491.

Runaway argument?
{align \gamma &= \frac {-2(x+y)\pm \sqrt {\left (2(x+y)\right )^2-4(4\ETC.
! Paragraph ended before \begin  was complete.
<to be read again> 
                   \par 
l.1508 
        
Here is how much of TeX's memory you used:
 11635 strings out of 480260
 184184 string characters out of 5893586
 480188 words of memory out of 5000000
 29155 multiletter control sequences out of 15000+600000
 534542 words of font info for 74 fonts, out of 8000000 for 9000
 14 hyphenation exceptions out of 8191
 72i,10n,77p,767b,477s stack positions out of 10000i,1000n,20000p,200000b,200000s

!  ==> Fatal error occurred, no output PDF file produced!
